
                         MODELLER 9.25, 2020/09/03, r11894

     PROTEIN STRUCTURE MODELLING BY SATISFACTION OF SPATIAL RESTRAINTS


                     Copyright(c) 1989-2020 Andrej Sali
                            All Rights Reserved

                             Written by A. Sali
                               with help from
              B. Webb, M.S. Madhusudhan, M-Y. Shen, G.Q. Dong,
          M.A. Marti-Renom, N. Eswar, F. Alber, M. Topf, B. Oliva,
             A. Fiser, R. Sanchez, B. Yerkovich, A. Badretdinov,
                     F. Melo, J.P. Overington, E. Feyfant
                 University of California, San Francisco, USA
                    Rockefeller University, New York, USA
                      Harvard University, Cambridge, USA
                   Imperial Cancer Research Fund, London, UK
              Birkbeck College, University of London, London, UK


Kind, OS, HostName, Kernel, Processor: 4, Linux mdyczko-MS-7B86 5.4.0-64-generic x86_64
Date and time of compilation         : 2020/09/03 15:19:53
MODELLER executable type             : x86_64-intel8
Job starting time (YY/MM/DD HH:MM:SS): 2021/01/28 10:48:51

openf___224_> Open           $(LIB)/restyp.lib
openf___224_> Open           ${MODINSTALL9v25}/modlib/resgrp.lib
rdresgr_266_> Number of residue groups:        2
openf___224_> Open           ${MODINSTALL9v25}/modlib/sstruc.lib

Dynamically allocated memory at   amaxlibraries [B,KiB,MiB]:       191566     187.076     0.183

Dynamically allocated memory at   amaxlibraries [B,KiB,MiB]:       192094     187.592     0.183
openf___224_> Open           ${MODINSTALL9v25}/modlib/resdih.lib

Dynamically allocated memory at   amaxlibraries [B,KiB,MiB]:       240694     235.053     0.230
rdrdih__263_> Number of dihedral angle types         :        9
              Maximal number of dihedral angle optima:        3
              Dihedral angle names                   :  Alph Phi Psi Omeg chi1 chi2 chi3 chi4 chi5
openf___224_> Open           ${MODINSTALL9v25}/modlib/radii.lib

Dynamically allocated memory at   amaxlibraries [B,KiB,MiB]:       253994     248.041     0.242
openf___224_> Open           ${MODINSTALL9v25}/modlib/radii14.lib
openf___224_> Open           ${MODINSTALL9v25}/modlib/af_mnchdef.lib
rdwilmo_274_> Mainchain residue conformation classes:  APBLE
openf___224_> Open           ${MODINSTALL9v25}/modlib/mnch.lib
rdclass_257_> Number of classes:        5
openf___224_> Open           ${MODINSTALL9v25}/modlib/mnch1.lib
openf___224_> Open           ${MODINSTALL9v25}/modlib/mnch2.lib
openf___224_> Open           ${MODINSTALL9v25}/modlib/mnch3.lib
openf___224_> Open           ${MODINSTALL9v25}/modlib/xs4.mat
rdrrwgh_268_> Number of residue types:       21
openf___224_> Open           $(LIB)/top_heav.lib
read_to_681_> topology.submodel read from topology file:        3
openf___224_> Open           $(LIB)/par.lib

Dynamically allocated memory at  amaxparameters [B,KiB,MiB]:       393430     384.209     0.375

Dynamically allocated memory at  amaxparameters [B,KiB,MiB]:       395030     385.771     0.377

Dynamically allocated memory at  amaxparameters [B,KiB,MiB]:       399010     389.658     0.381

Dynamically allocated memory at  amaxparameters [B,KiB,MiB]:       401010     391.611     0.382

Dynamically allocated memory at  amaxparameters [B,KiB,MiB]:       404010     394.541     0.385

Dynamically allocated memory at  amaxparameters [B,KiB,MiB]:       408510     398.936     0.390

Dynamically allocated memory at  amaxparameters [B,KiB,MiB]:       414082     404.377     0.395

Dynamically allocated memory at  amaxparameters [B,KiB,MiB]:       416882     407.111     0.398

Dynamically allocated memory at  amaxparameters [B,KiB,MiB]:       421082     411.213     0.402

Dynamically allocated memory at  amaxparameters [B,KiB,MiB]:       427382     417.365     0.408

Dynamically allocated memory at  amaxparameters [B,KiB,MiB]:       430154     420.072     0.410

Dynamically allocated memory at  amaxparameters [B,KiB,MiB]:       431554     421.439     0.412
read_pa_232_> parameters    BONDS   ANGLS  DIHEDS IMPROPS    MODE
                              227     561     661     112       0
io_data____W> Setting io.atom_files_directory to a colon-delimited string is
              deprecated, as it is not robust on Windows systems. Set it to
              a list of directories instead. For example:
              env.io.atom_files_directory = ['./', '../atom_files']
openf___224_> Open           ../data/5k2c.pdb

Dynamically allocated memory at amaxcoordinates [B,KiB,MiB]:       442565     432.192     0.422

Dynamically allocated memory at    amaxsequence [B,KiB,MiB]:       442641     432.267     0.422

Dynamically allocated memory at amaxcoordinates [B,KiB,MiB]:       442812     432.434     0.422

Dynamically allocated memory at amaxcoordinates [B,KiB,MiB]:       443662     433.264     0.423

Dynamically allocated memory at amaxcoordinates [B,KiB,MiB]:       444920     434.492     0.424

Dynamically allocated memory at amaxcoordinates [B,KiB,MiB]:       446824     436.352     0.426

Dynamically allocated memory at    amaxsequence [B,KiB,MiB]:       446864     436.391     0.426

Dynamically allocated memory at amaxcoordinates [B,KiB,MiB]:       446954     436.479     0.426

Dynamically allocated memory at amaxcoordinates [B,KiB,MiB]:       449810     439.268     0.429

Dynamically allocated memory at    amaxsequence [B,KiB,MiB]:       449870     439.326     0.429

Dynamically allocated memory at amaxcoordinates [B,KiB,MiB]:       450005     439.458     0.429

Dynamically allocated memory at amaxcoordinates [B,KiB,MiB]:       454289     443.642     0.433

Dynamically allocated memory at    amaxsequence [B,KiB,MiB]:       454377     443.728     0.433

Dynamically allocated memory at amaxcoordinates [B,KiB,MiB]:       454575     443.921     0.434

Dynamically allocated memory at amaxcoordinates [B,KiB,MiB]:       461001     450.196     0.440

Dynamically allocated memory at    amaxsequence [B,KiB,MiB]:       461133     450.325     0.440

Dynamically allocated memory at amaxcoordinates [B,KiB,MiB]:       461430     450.615     0.440

Dynamically allocated memory at amaxcoordinates [B,KiB,MiB]:       471052     460.012     0.449

Dynamically allocated memory at    amaxsequence [B,KiB,MiB]:       471252     460.207     0.449

Dynamically allocated memory at amaxcoordinates [B,KiB,MiB]:       471702     460.646     0.450

Dynamically allocated memory at amaxcoordinates [B,KiB,MiB]:       486152     474.758     0.464

Dynamically allocated memory at    amaxsequence [B,KiB,MiB]:       486452     475.051     0.464

Dynamically allocated memory at amaxcoordinates [B,KiB,MiB]:       487127     475.710     0.465

Dynamically allocated memory at amaxcoordinates [B,KiB,MiB]:       508785     496.860     0.485

Dynamically allocated memory at    amaxsequence [B,KiB,MiB]:       509233     497.298     0.486

Dynamically allocated memory at amaxcoordinates [B,KiB,MiB]:       510241     498.282     0.487

Dynamically allocated memory at amaxcoordinates [B,KiB,MiB]:       542745     530.024     0.518

Dynamically allocated memory at    amaxsequence [B,KiB,MiB]:       543417     530.681     0.518

Dynamically allocated memory at amaxcoordinates [B,KiB,MiB]:       544929     532.157     0.520

Dynamically allocated memory at amaxcoordinates [B,KiB,MiB]:       593685     579.771     0.566

Dynamically allocated memory at       amaxmodel [B,KiB,MiB]:       941525     919.458     0.898
read_mo_297_> Segments, residues, atoms:        1      396     3013
read_mo_298_> Segment:        1    -2 A   308 A     3013

Dynamically allocated memory at   amaxalignment [B,KiB,MiB]:       953827     931.472     0.910

Dynamically allocated memory at   amaxstructure [B,KiB,MiB]:      1180229    1152.567     1.126

Dynamically allocated memory at   amaxalignment [B,KiB,MiB]:      1184235    1156.479     1.129

Dynamically allocated memory at   amaxstructure [B,KiB,MiB]:      1410637    1377.575     1.345

Dynamically allocated memory at       amaxmodel [B,KiB,MiB]:      1457349    1423.192     1.390

mkilst______> segment topology constructed from sequence and RTF:
              segments residues  atoms  bonds angles dihedrals impropers:
                     1      396   3080   3147      0         0      1346

Dynamically allocated memory at       amaxmodel [B,KiB,MiB]:      1589765    1552.505     1.516

patch_______> segment topology patched using RTF:     1  ;  ASP  ;  NTER
              segments residues  atoms  bonds angles dihedrals impropers:
                     1      396   3080   3147   4281      5067      1346


Dynamically allocated memory at       amaxmodel [B,KiB,MiB]:      1722341    1681.974     1.643
patch_______> segment topology patched using RTF:   396  ;  LEU  ;  CTER
              segments residues  atoms  bonds angles dihedrals impropers:
                     1      396   3081   3148   4283      5069      1347

genseg______> segment topology constructed from sequence and RTF:
              segments residues  atoms  bonds angles dihedrals impropers:
                     1      396   3081   3148   4283      5069      1347
transfe_506_> MODEL is an average of all templates.
transfe_511_> Number of templates for coordinate transfer:        1
              After transferring coordinates of the equivalent template atoms,
              there are defined, undefined atoms in MODEL:     3013       68
openf___224_> Open           ${LIB}/atmcls-mf.lib

Dynamically allocated memory at amaxgroup_restr [B,KiB,MiB]:      1253649    1224.267     1.196

Dynamically allocated memory at amaxgroup_restr [B,KiB,MiB]:      1253713    1224.329     1.196

Dynamically allocated memory at amaxgroup_restr [B,KiB,MiB]:      1253771    1224.386     1.196

Dynamically allocated memory at amaxgroup_restr [B,KiB,MiB]:      1253835    1224.448     1.196

Dynamically allocated memory at amaxgroup_restr [B,KiB,MiB]:      1253901    1224.513     1.196

Dynamically allocated memory at amaxgroup_restr [B,KiB,MiB]:      1253965    1224.575     1.196

Dynamically allocated memory at amaxgroup_restr [B,KiB,MiB]:      1254121    1224.728     1.196

Dynamically allocated memory at amaxgroup_restr [B,KiB,MiB]:      1254249    1224.853     1.196

Dynamically allocated memory at amaxgroup_restr [B,KiB,MiB]:      1254543    1225.140     1.196

Dynamically allocated memory at amaxgroup_restr [B,KiB,MiB]:      1254735    1225.327     1.197

Dynamically allocated memory at amaxgroup_restr [B,KiB,MiB]:      1255239    1225.819     1.197

Dynamically allocated memory at amaxgroup_restr [B,KiB,MiB]:      1255495    1226.069     1.197

Dynamically allocated memory at amaxgroup_restr [B,KiB,MiB]:      1256491    1227.042     1.198

Dynamically allocated memory at amaxgroup_restr [B,KiB,MiB]:      1256875    1227.417     1.199

Dynamically allocated memory at amaxgroup_restr [B,KiB,MiB]:      1257451    1227.979     1.199

Dynamically allocated memory at amaxgroup_restr [B,KiB,MiB]:      1259485    1229.966     1.201

Dynamically allocated memory at amaxgroup_restr [B,KiB,MiB]:      1260381    1230.841     1.202

Dynamically allocated memory at amaxgroup_restr [B,KiB,MiB]:      1264833    1235.188     1.206

Dynamically allocated memory at amaxgroup_restr [B,KiB,MiB]:      1266177    1236.501     1.208

Dynamically allocated memory at amaxgroup_restr [B,KiB,MiB]:      1275795    1245.894     1.217

Dynamically allocated memory at amaxgroup_restr [B,KiB,MiB]:      1277779    1247.831     1.219

Dynamically allocated memory at amaxgroup_restr [B,KiB,MiB]:      1298425    1267.993     1.238

Dynamically allocated memory at amaxgroup_restr [B,KiB,MiB]:      1301433    1270.931     1.241

Dynamically allocated memory at amaxgroup_restr [B,KiB,MiB]:      1347399    1315.819     1.285

Dynamically allocated memory at amaxgroup_restr [B,KiB,MiB]:      1351879    1320.194     1.289

Dynamically allocated memory at amaxgroup_restr [B,KiB,MiB]:      1453099    1419.042     1.386
openf___224_> Open           ${LIB}/dist-mf.lib

Dynamically allocated memory at amaxgroup_restr [B,KiB,MiB]:      1453495    1419.429     1.386

Dynamically allocated memory at amaxgroup_restr [B,KiB,MiB]:      1454291    1420.206     1.387

Dynamically allocated memory at amaxgroup_restr [B,KiB,MiB]:      1455087    1420.983     1.388

Dynamically allocated memory at amaxgroup_restr [B,KiB,MiB]:      1456275    1422.144     1.389

Dynamically allocated memory at amaxgroup_restr [B,KiB,MiB]:      1456675    1422.534     1.389

Dynamically allocated memory at amaxgroup_restr [B,KiB,MiB]:      1457275    1423.120     1.390

Dynamically allocated memory at amaxgroup_restr [B,KiB,MiB]:      1458175    1423.999     1.391

Dynamically allocated memory at amaxgroup_restr [B,KiB,MiB]:      1459523    1425.315     1.392

Dynamically allocated memory at amaxgroup_restr [B,KiB,MiB]:      1459723    1425.511     1.392

Dynamically allocated memory at amaxgroup_restr [B,KiB,MiB]:      1461747    1427.487     1.394

Dynamically allocated memory at amaxgroup_restr [B,KiB,MiB]:      1462047    1427.780     1.394

Dynamically allocated memory at amaxgroup_restr [B,KiB,MiB]:      1465083    1430.745     1.397

Dynamically allocated memory at amaxgroup_restr [B,KiB,MiB]:      1465531    1431.183     1.398

Dynamically allocated memory at amaxgroup_restr [B,KiB,MiB]:      1470083    1435.628     1.402

Dynamically allocated memory at amaxgroup_restr [B,KiB,MiB]:      1470755    1436.284     1.403

Dynamically allocated memory at amaxgroup_restr [B,KiB,MiB]:      1477583    1442.952     1.409

Dynamically allocated memory at amaxgroup_restr [B,KiB,MiB]:      1478591    1443.937     1.410

Dynamically allocated memory at amaxgroup_restr [B,KiB,MiB]:      1488835    1453.940     1.420

Dynamically allocated memory at amaxgroup_restr [B,KiB,MiB]:      1489435    1454.526     1.420

Dynamically allocated memory at amaxgroup_restr [B,KiB,MiB]:      1489835    1454.917     1.421

Dynamically allocated memory at amaxgroup_restr [B,KiB,MiB]:      1491347    1456.394     1.422

Dynamically allocated memory at amaxgroup_restr [B,KiB,MiB]:      1506711    1471.397     1.437

Dynamically allocated memory at amaxgroup_restr [B,KiB,MiB]:      1507611    1472.276     1.438

Dynamically allocated memory at amaxgroup_restr [B,KiB,MiB]:      1508211    1472.862     1.438

Dynamically allocated memory at amaxgroup_restr [B,KiB,MiB]:      1510479    1475.077     1.441

Dynamically allocated memory at amaxgroup_restr [B,KiB,MiB]:      1533527    1497.585     1.462

Dynamically allocated memory at amaxgroup_restr [B,KiB,MiB]:      1534871    1498.897     1.464

Dynamically allocated memory at amaxgroup_restr [B,KiB,MiB]:      1535771    1499.776     1.465

Dynamically allocated memory at amaxgroup_restr [B,KiB,MiB]:      1539175    1503.101     1.468

Dynamically allocated memory at amaxgroup_restr [B,KiB,MiB]:      1573747    1536.862     1.501

Dynamically allocated memory at amaxgroup_restr [B,KiB,MiB]:      1575763    1538.831     1.503

Dynamically allocated memory at amaxgroup_restr [B,KiB,MiB]:      1577111    1540.147     1.504

Dynamically allocated memory at amaxgroup_restr [B,KiB,MiB]:      1582215    1545.132     1.509

Dynamically allocated memory at amaxgroup_restr [B,KiB,MiB]:      1634071    1595.772     1.558

Dynamically allocated memory at amaxgroup_restr [B,KiB,MiB]:      1637095    1598.726     1.561

Dynamically allocated memory at amaxgroup_restr [B,KiB,MiB]:      1639119    1600.702     1.563

Dynamically allocated memory at amaxgroup_restr [B,KiB,MiB]:      1646775    1608.179     1.570

Dynamically allocated memory at amaxgroup_restr [B,KiB,MiB]:      1724559    1684.140     1.645

Dynamically allocated memory at amaxgroup_restr [B,KiB,MiB]:      1729095    1688.569     1.649

Dynamically allocated memory at amaxgroup_restr [B,KiB,MiB]:      1732131    1691.534     1.652

Dynamically allocated memory at amaxgroup_restr [B,KiB,MiB]:      1743615    1702.749     1.663

Dynamically allocated memory at amaxgroup_restr [B,KiB,MiB]:      1860291    1816.690     1.774

Dynamically allocated memory at amaxgroup_restr [B,KiB,MiB]:      1867095    1823.335     1.781

Dynamically allocated memory at amaxgroup_restr [B,KiB,MiB]:      1871647    1827.780     1.785

Dynamically allocated memory at amaxgroup_restr [B,KiB,MiB]:      1888875    1844.604     1.801

Dynamically allocated memory at amaxgroup_restr [B,KiB,MiB]:      2063891    2015.519     1.968

Dynamically allocated memory at amaxgroup_restr [B,KiB,MiB]:      2074103    2025.491     1.978

Dynamically allocated memory at amaxgroup_restr [B,KiB,MiB]:      2080931    2032.159     1.985

Dynamically allocated memory at amaxgroup_restr [B,KiB,MiB]:      2106771    2057.394     2.009

Dynamically allocated memory at amaxgroup_restr [B,KiB,MiB]:      2369295    2313.765     2.260

Dynamically allocated memory at amaxgroup_restr [B,KiB,MiB]:      2384607    2328.718     2.274

Dynamically allocated memory at amaxgroup_restr [B,KiB,MiB]:      2394851    2338.722     2.284

Dynamically allocated memory at amaxgroup_restr [B,KiB,MiB]:      2433611    2376.573     2.321

Dynamically allocated memory at amaxgroup_restr [B,KiB,MiB]:      2827395    2761.128     2.696

Dynamically allocated memory at amaxgroup_restr [B,KiB,MiB]:      2850363    2783.558     2.718

Dynamically allocated memory at amaxgroup_restr [B,KiB,MiB]:      2865727    2798.562     2.733

Dynamically allocated memory at amaxgroup_restr [B,KiB,MiB]:      2923867    2855.339     2.788

Dynamically allocated memory at amaxgroup_restr [B,KiB,MiB]:      3514543    3432.171     3.352

Dynamically allocated memory at amaxgroup_restr [B,KiB,MiB]:      3548995    3465.815     3.385

Dynamically allocated memory at amaxgroup_restr [B,KiB,MiB]:      3572043    3488.323     3.407

Dynamically allocated memory at amaxgroup_restr [B,KiB,MiB]:      3659255    3573.491     3.490

Dynamically allocated memory at amaxgroup_restr [B,KiB,MiB]:      4545271    4438.741     4.335

Dynamically allocated memory at amaxgroup_restr [B,KiB,MiB]:      4596955    4489.214     4.384

Dynamically allocated memory at amaxgroup_restr [B,KiB,MiB]:      4631527    4522.976     4.417

Dynamically allocated memory at amaxgroup_restr [B,KiB,MiB]:      4762343    4650.726     4.542

Dynamically allocated memory at amaxgroup_restr [B,KiB,MiB]:      6091367    5948.601     5.809
read_pa_232_> parameters    BONDS   ANGLS  DIHEDS IMPROPS    MODE
                                0       0       0       0   12561
>> Model assessment by DOPE potential
iatmcls_286W> MODEL atom not classified:  LEU:OXT  LEU
preppdf_453W> No fixed restraints selected; there may be some dynamic ones.
preppdf_454W> Restraints file was probably not read; use restraints.append().

Dynamically allocated memory at amaxhash_contac [B,KiB,MiB]:      6978819    6815.253     6.656

Dynamically allocated memory at  amaxrestraints [B,KiB,MiB]:      7345367    7173.210     7.005

Dynamically allocated memory at  amaxrestraints [B,KiB,MiB]:      7419311    7245.421     7.076

Dynamically allocated memory at  amaxrestraints [B,KiB,MiB]:      7567199    7389.843     7.217

Dynamically allocated memory at  amaxrestraints [B,KiB,MiB]:      7862975    7678.687     7.499

Dynamically allocated memory at  amaxrestraints [B,KiB,MiB]:      8454527    8256.374     8.063

Dynamically allocated memory at  amaxrestraints [B,KiB,MiB]:      9637631    9411.749     9.191

Dynamically allocated memory at  amaxrestraints [B,KiB,MiB]:     12003839   11722.499    11.448


>> ENERGY; Differences between the model's features and restraints:
Number of all residues in MODEL                   :      396
Number of all, selected real atoms                :     3081    3081
Number of all, selected pseudo atoms              :        0       0
Number of all static, selected restraints         :        0       0
COVALENT_CYS                                      :        F
NONBONDED_SEL_ATOMS                               :        1
Number of non-bonded pairs (excluding 1-2,1-3,1-4):   537282
Dynamic pairs routine                             : 1, NATM x NATM double loop
Atomic shift for contacts update (UPDATE_DYNAMIC) :    0.390
LENNARD_JONES_SWITCH                              :    6.500   7.500
COULOMB_JONES_SWITCH                              :    6.500   7.500
RESIDUE_SPAN_RANGE                                :        1    9999
NLOGN_USE                                         :       15
CONTACT_SHELL                                     :   15.000
DYNAMIC_PAIRS,_SPHERE,_COULOMB,_LENNARD,_MODELLER :        T       F       F       F       T
SPHERE_STDV                                       :    0.050
RADII_FACTOR                                      :    0.820
Current energy                                    :      -55916.3672





Summary of the restraint violations: 

   NUM     ... number of restraints.
   NUMVI   ... number of restraints with RVIOL > VIOL_REPORT_CUT[i].
   RVIOL   ... relative difference from the best value.
   NUMVP   ... number of restraints with -Ln(pdf) > VIOL_REPORT_CUT2[i].
   RMS_1   ... RMS(feature, minimally_violated_basis_restraint, NUMB).
   RMS_2   ... RMS(feature, best_value, NUMB).
   MOL.PDF ... scaled contribution to -Ln(Molecular pdf).

 #                     RESTRAINT_GROUP      NUM   NUMVI  NUMVP   RMS_1   RMS_2         MOL.PDF     S_i
------------------------------------------------------------------------------------------------------
 1 Bond length potential              :       0       0      0   0.000   0.000      0.0000       0.000
 2 Bond angle potential               :       0       0      0   0.000   0.000      0.0000       0.000
 3 Stereochemical cosine torsion poten:       0       0      0   0.000   0.000      0.0000       0.000
 4 Stereochemical improper torsion pot:       0       0      0   0.000   0.000      0.0000       0.000
 5 Soft-sphere overlap restraints     :       0       0      0   0.000   0.000      0.0000       0.000
 6 Lennard-Jones 6-12 potential       :       0       0      0   0.000   0.000      0.0000       0.000
 7 Coulomb point-point electrostatic p:       0       0      0   0.000   0.000      0.0000       0.000
 8 H-bonding potential                :       0       0      0   0.000   0.000      0.0000       0.000
 9 Distance restraints 1 (CA-CA)      :       0       0      0   0.000   0.000      0.0000       0.000
10 Distance restraints 2 (N-O)        :       0       0      0   0.000   0.000      0.0000       0.000
11 Mainchain Phi dihedral restraints  :       0       0      0   0.000   0.000      0.0000       0.000
12 Mainchain Psi dihedral restraints  :       0       0      0   0.000   0.000      0.0000       0.000
13 Mainchain Omega dihedral restraints:       0       0      0   0.000   0.000      0.0000       0.000
14 Sidechain Chi_1 dihedral restraints:       0       0      0   0.000   0.000      0.0000       0.000
15 Sidechain Chi_2 dihedral restraints:       0       0      0   0.000   0.000      0.0000       0.000
16 Sidechain Chi_3 dihedral restraints:       0       0      0   0.000   0.000      0.0000       0.000
17 Sidechain Chi_4 dihedral restraints:       0       0      0   0.000   0.000      0.0000       0.000
18 Disulfide distance restraints      :       0       0      0   0.000   0.000      0.0000       0.000
19 Disulfide angle restraints         :       0       0      0   0.000   0.000      0.0000       0.000
20 Disulfide dihedral angle restraints:       0       0      0   0.000   0.000      0.0000       0.000
21 Lower bound distance restraints    :       0       0      0   0.000   0.000      0.0000       0.000
22 Upper bound distance restraints    :       0       0      0   0.000   0.000      0.0000       0.000
23 Distance restraints 3 (SDCH-MNCH)  :       0       0      0   0.000   0.000      0.0000       0.000
24 Sidechain Chi_5 dihedral restraints:       0       0      0   0.000   0.000      0.0000       0.000
25 Phi/Psi pair of dihedral restraints:       0       0      0   0.000   0.000      0.0000       0.000
26 Distance restraints 4 (SDCH-SDCH)  :       0       0      0   0.000   0.000      0.0000       0.000
27 Distance restraints 5 (X-Y)        :       0       0      0   0.000   0.000      0.0000       0.000
28 NMR distance restraints 6 (X-Y)    :       0       0      0   0.000   0.000      0.0000       0.000
29 NMR distance restraints 7 (X-Y)    :       0       0      0   0.000   0.000      0.0000       0.000
30 Minimal distance restraints        :       0       0      0   0.000   0.000      0.0000       0.000
31 Non-bonded restraints              :  537201       0    310   6.762   6.762     -55916.       1.000
32 Atomic accessibility restraints    :       0       0      0   0.000   0.000      0.0000       0.000
33 Atomic density restraints          :       0       0      0   0.000   0.000      0.0000       0.000
34 Absolute position restraints       :       0       0      0   0.000   0.000      0.0000       0.000
35 Dihedral angle difference restraint:       0       0      0   0.000   0.000      0.0000       0.000
36 GBSA implicit solvent potential    :       0       0      0   0.000   0.000      0.0000       0.000
37 EM density fitting potential       :       0       0      0   0.000   0.000      0.0000       0.000
38 SAXS restraints                    :       0       0      0   0.000   0.000      0.0000       0.000
39 Symmetry restraints                :       0       0      0   0.000   0.000      0.0000       0.000
do_prof_492W> Are you sure you want to calculate a normalized energy profile!



openf___224_> Open           5k2cA.profile
# Energy of each residue is written to: 5k2cA.profile
# The profile IS normalized by the number of restraints.
# The profiles are smoothed over a window of residues:   13
# The sum of all numbers in the file:     -20.7492

<< end of ENERGY.
DOPE score               : -55916.367188
