
                         MODELLER 9.25, 2020/09/03, r11894

     PROTEIN STRUCTURE MODELLING BY SATISFACTION OF SPATIAL RESTRAINTS


                     Copyright(c) 1989-2020 Andrej Sali
                            All Rights Reserved

                             Written by A. Sali
                               with help from
              B. Webb, M.S. Madhusudhan, M-Y. Shen, G.Q. Dong,
          M.A. Marti-Renom, N. Eswar, F. Alber, M. Topf, B. Oliva,
             A. Fiser, R. Sanchez, B. Yerkovich, A. Badretdinov,
                     F. Melo, J.P. Overington, E. Feyfant
                 University of California, San Francisco, USA
                    Rockefeller University, New York, USA
                      Harvard University, Cambridge, USA
                   Imperial Cancer Research Fund, London, UK
              Birkbeck College, University of London, London, UK


Kind, OS, HostName, Kernel, Processor: 4, Linux mdyczko-MS-7B86 5.4.0-64-generic x86_64
Date and time of compilation         : 2020/09/03 15:19:53
MODELLER executable type             : x86_64-intel8
Job starting time (YY/MM/DD HH:MM:SS): 2021/01/28 10:48:36

openf___224_> Open           $(LIB)/restyp.lib
openf___224_> Open           ${MODINSTALL9v25}/modlib/resgrp.lib
rdresgr_266_> Number of residue groups:        2
openf___224_> Open           ${MODINSTALL9v25}/modlib/sstruc.lib

Dynamically allocated memory at   amaxlibraries [B,KiB,MiB]:       191566     187.076     0.183

Dynamically allocated memory at   amaxlibraries [B,KiB,MiB]:       192094     187.592     0.183
openf___224_> Open           ${MODINSTALL9v25}/modlib/resdih.lib

Dynamically allocated memory at   amaxlibraries [B,KiB,MiB]:       240694     235.053     0.230
rdrdih__263_> Number of dihedral angle types         :        9
              Maximal number of dihedral angle optima:        3
              Dihedral angle names                   :  Alph Phi Psi Omeg chi1 chi2 chi3 chi4 chi5
openf___224_> Open           ${MODINSTALL9v25}/modlib/radii.lib

Dynamically allocated memory at   amaxlibraries [B,KiB,MiB]:       253994     248.041     0.242
openf___224_> Open           ${MODINSTALL9v25}/modlib/radii14.lib
openf___224_> Open           ${MODINSTALL9v25}/modlib/af_mnchdef.lib
rdwilmo_274_> Mainchain residue conformation classes:  APBLE
openf___224_> Open           ${MODINSTALL9v25}/modlib/mnch.lib
rdclass_257_> Number of classes:        5
openf___224_> Open           ${MODINSTALL9v25}/modlib/mnch1.lib
openf___224_> Open           ${MODINSTALL9v25}/modlib/mnch2.lib
openf___224_> Open           ${MODINSTALL9v25}/modlib/mnch3.lib
openf___224_> Open           ${MODINSTALL9v25}/modlib/xs4.mat
rdrrwgh_268_> Number of residue types:       21
openf___224_> Open           $(LIB)/top_heav.lib
read_to_681_> topology.submodel read from topology file:        3
openf___224_> Open           $(LIB)/par.lib

Dynamically allocated memory at  amaxparameters [B,KiB,MiB]:       393430     384.209     0.375

Dynamically allocated memory at  amaxparameters [B,KiB,MiB]:       395030     385.771     0.377

Dynamically allocated memory at  amaxparameters [B,KiB,MiB]:       399010     389.658     0.381

Dynamically allocated memory at  amaxparameters [B,KiB,MiB]:       401010     391.611     0.382

Dynamically allocated memory at  amaxparameters [B,KiB,MiB]:       404010     394.541     0.385

Dynamically allocated memory at  amaxparameters [B,KiB,MiB]:       408510     398.936     0.390

Dynamically allocated memory at  amaxparameters [B,KiB,MiB]:       414082     404.377     0.395

Dynamically allocated memory at  amaxparameters [B,KiB,MiB]:       416882     407.111     0.398

Dynamically allocated memory at  amaxparameters [B,KiB,MiB]:       421082     411.213     0.402

Dynamically allocated memory at  amaxparameters [B,KiB,MiB]:       427382     417.365     0.408

Dynamically allocated memory at  amaxparameters [B,KiB,MiB]:       430154     420.072     0.410

Dynamically allocated memory at  amaxparameters [B,KiB,MiB]:       431554     421.439     0.412
read_pa_232_> parameters    BONDS   ANGLS  DIHEDS IMPROPS    MODE
                              227     561     661     112       0
openf___224_> Open           P29274.B99990003.pdb

Dynamically allocated memory at amaxcoordinates [B,KiB,MiB]:       442565     432.192     0.422

Dynamically allocated memory at    amaxsequence [B,KiB,MiB]:       442641     432.267     0.422

Dynamically allocated memory at amaxcoordinates [B,KiB,MiB]:       442812     432.434     0.422

Dynamically allocated memory at amaxcoordinates [B,KiB,MiB]:       443662     433.264     0.423

Dynamically allocated memory at amaxcoordinates [B,KiB,MiB]:       444920     434.492     0.424

Dynamically allocated memory at amaxcoordinates [B,KiB,MiB]:       446824     436.352     0.426

Dynamically allocated memory at    amaxsequence [B,KiB,MiB]:       446864     436.391     0.426

Dynamically allocated memory at amaxcoordinates [B,KiB,MiB]:       446954     436.479     0.426

Dynamically allocated memory at amaxcoordinates [B,KiB,MiB]:       449810     439.268     0.429

Dynamically allocated memory at    amaxsequence [B,KiB,MiB]:       449870     439.326     0.429

Dynamically allocated memory at amaxcoordinates [B,KiB,MiB]:       450005     439.458     0.429

Dynamically allocated memory at amaxcoordinates [B,KiB,MiB]:       454289     443.642     0.433

Dynamically allocated memory at    amaxsequence [B,KiB,MiB]:       454377     443.728     0.433

Dynamically allocated memory at amaxcoordinates [B,KiB,MiB]:       454575     443.921     0.434

Dynamically allocated memory at amaxcoordinates [B,KiB,MiB]:       461001     450.196     0.440

Dynamically allocated memory at    amaxsequence [B,KiB,MiB]:       461133     450.325     0.440

Dynamically allocated memory at amaxcoordinates [B,KiB,MiB]:       461430     450.615     0.440

Dynamically allocated memory at amaxcoordinates [B,KiB,MiB]:       471052     460.012     0.449

Dynamically allocated memory at    amaxsequence [B,KiB,MiB]:       471252     460.207     0.449

Dynamically allocated memory at amaxcoordinates [B,KiB,MiB]:       471702     460.646     0.450

Dynamically allocated memory at amaxcoordinates [B,KiB,MiB]:       486152     474.758     0.464

Dynamically allocated memory at    amaxsequence [B,KiB,MiB]:       486452     475.051     0.464

Dynamically allocated memory at amaxcoordinates [B,KiB,MiB]:       487127     475.710     0.465

Dynamically allocated memory at amaxcoordinates [B,KiB,MiB]:       508785     496.860     0.485

Dynamically allocated memory at    amaxsequence [B,KiB,MiB]:       509233     497.298     0.486

Dynamically allocated memory at amaxcoordinates [B,KiB,MiB]:       510241     498.282     0.487

Dynamically allocated memory at amaxcoordinates [B,KiB,MiB]:       542745     530.024     0.518

Dynamically allocated memory at    amaxsequence [B,KiB,MiB]:       543417     530.681     0.518

Dynamically allocated memory at amaxcoordinates [B,KiB,MiB]:       544929     532.157     0.520

Dynamically allocated memory at amaxcoordinates [B,KiB,MiB]:       593685     579.771     0.566

Dynamically allocated memory at       amaxmodel [B,KiB,MiB]:       941525     919.458     0.898
read_mo_297_> Segments, residues, atoms:        1      394     3010
read_mo_298_> Segment:        1     1   394     3010

Dynamically allocated memory at   amaxalignment [B,KiB,MiB]:       953769     931.415     0.910

Dynamically allocated memory at   amaxstructure [B,KiB,MiB]:      1179443    1151.800     1.125

Dynamically allocated memory at   amaxalignment [B,KiB,MiB]:      1183431    1155.694     1.129

Dynamically allocated memory at   amaxstructure [B,KiB,MiB]:      1409105    1376.079     1.344

Dynamically allocated memory at       amaxmodel [B,KiB,MiB]:      1454993    1420.892     1.388

mkilst______> segment topology constructed from sequence and RTF:
              segments residues  atoms  bonds angles dihedrals impropers:
                     1      394   3009   3084      0         0      1326

Dynamically allocated memory at       amaxmodel [B,KiB,MiB]:      1585641    1548.478     1.512

patch_______> segment topology patched using RTF:     1  ;  MET  ;  NTER
              segments residues  atoms  bonds angles dihedrals impropers:
                     1      394   3009   3084   4207      5012      1326


Dynamically allocated memory at       amaxmodel [B,KiB,MiB]:      1718217    1677.946     1.639
patch_______> segment topology patched using RTF:   394  ;  SER  ;  CTER
              segments residues  atoms  bonds angles dihedrals impropers:
                     1      394   3010   3085   4209      5014      1327

genseg______> segment topology constructed from sequence and RTF:
              segments residues  atoms  bonds angles dihedrals impropers:
                     1      394   3010   3085   4209      5014      1327
transfe_506_> MODEL is an average of all templates.
transfe_511_> Number of templates for coordinate transfer:        1
              After transferring coordinates of the equivalent template atoms,
              there are defined, undefined atoms in MODEL:     3010        0
openf___224_> Open           ${LIB}/atmcls-mf.lib

Dynamically allocated memory at amaxgroup_restr [B,KiB,MiB]:      1251057    1221.735     1.193

Dynamically allocated memory at amaxgroup_restr [B,KiB,MiB]:      1251121    1221.798     1.193

Dynamically allocated memory at amaxgroup_restr [B,KiB,MiB]:      1251179    1221.854     1.193

Dynamically allocated memory at amaxgroup_restr [B,KiB,MiB]:      1251243    1221.917     1.193

Dynamically allocated memory at amaxgroup_restr [B,KiB,MiB]:      1251309    1221.981     1.193

Dynamically allocated memory at amaxgroup_restr [B,KiB,MiB]:      1251373    1222.044     1.193

Dynamically allocated memory at amaxgroup_restr [B,KiB,MiB]:      1251529    1222.196     1.194

Dynamically allocated memory at amaxgroup_restr [B,KiB,MiB]:      1251657    1222.321     1.194

Dynamically allocated memory at amaxgroup_restr [B,KiB,MiB]:      1251951    1222.608     1.194

Dynamically allocated memory at amaxgroup_restr [B,KiB,MiB]:      1252143    1222.796     1.194

Dynamically allocated memory at amaxgroup_restr [B,KiB,MiB]:      1252647    1223.288     1.195

Dynamically allocated memory at amaxgroup_restr [B,KiB,MiB]:      1252903    1223.538     1.195

Dynamically allocated memory at amaxgroup_restr [B,KiB,MiB]:      1253899    1224.511     1.196

Dynamically allocated memory at amaxgroup_restr [B,KiB,MiB]:      1254283    1224.886     1.196

Dynamically allocated memory at amaxgroup_restr [B,KiB,MiB]:      1254859    1225.448     1.197

Dynamically allocated memory at amaxgroup_restr [B,KiB,MiB]:      1256893    1227.435     1.199

Dynamically allocated memory at amaxgroup_restr [B,KiB,MiB]:      1257789    1228.310     1.200

Dynamically allocated memory at amaxgroup_restr [B,KiB,MiB]:      1262241    1232.657     1.204

Dynamically allocated memory at amaxgroup_restr [B,KiB,MiB]:      1263585    1233.970     1.205

Dynamically allocated memory at amaxgroup_restr [B,KiB,MiB]:      1273203    1243.362     1.214

Dynamically allocated memory at amaxgroup_restr [B,KiB,MiB]:      1275187    1245.300     1.216

Dynamically allocated memory at amaxgroup_restr [B,KiB,MiB]:      1295833    1265.462     1.236

Dynamically allocated memory at amaxgroup_restr [B,KiB,MiB]:      1298841    1268.399     1.239

Dynamically allocated memory at amaxgroup_restr [B,KiB,MiB]:      1344807    1313.288     1.283

Dynamically allocated memory at amaxgroup_restr [B,KiB,MiB]:      1349287    1317.663     1.287

Dynamically allocated memory at amaxgroup_restr [B,KiB,MiB]:      1450507    1416.511     1.383
openf___224_> Open           ${LIB}/dist-mf.lib

Dynamically allocated memory at amaxgroup_restr [B,KiB,MiB]:      1450903    1416.897     1.384

Dynamically allocated memory at amaxgroup_restr [B,KiB,MiB]:      1451699    1417.675     1.384

Dynamically allocated memory at amaxgroup_restr [B,KiB,MiB]:      1452495    1418.452     1.385

Dynamically allocated memory at amaxgroup_restr [B,KiB,MiB]:      1453683    1419.612     1.386

Dynamically allocated memory at amaxgroup_restr [B,KiB,MiB]:      1454083    1420.003     1.387

Dynamically allocated memory at amaxgroup_restr [B,KiB,MiB]:      1454683    1420.589     1.387

Dynamically allocated memory at amaxgroup_restr [B,KiB,MiB]:      1455583    1421.468     1.388

Dynamically allocated memory at amaxgroup_restr [B,KiB,MiB]:      1456931    1422.784     1.389

Dynamically allocated memory at amaxgroup_restr [B,KiB,MiB]:      1457131    1422.979     1.390

Dynamically allocated memory at amaxgroup_restr [B,KiB,MiB]:      1459155    1424.956     1.392

Dynamically allocated memory at amaxgroup_restr [B,KiB,MiB]:      1459455    1425.249     1.392

Dynamically allocated memory at amaxgroup_restr [B,KiB,MiB]:      1462491    1428.214     1.395

Dynamically allocated memory at amaxgroup_restr [B,KiB,MiB]:      1462939    1428.651     1.395

Dynamically allocated memory at amaxgroup_restr [B,KiB,MiB]:      1467491    1433.097     1.400

Dynamically allocated memory at amaxgroup_restr [B,KiB,MiB]:      1468163    1433.753     1.400

Dynamically allocated memory at amaxgroup_restr [B,KiB,MiB]:      1474991    1440.421     1.407

Dynamically allocated memory at amaxgroup_restr [B,KiB,MiB]:      1475999    1441.405     1.408

Dynamically allocated memory at amaxgroup_restr [B,KiB,MiB]:      1486243    1451.409     1.417

Dynamically allocated memory at amaxgroup_restr [B,KiB,MiB]:      1486843    1451.995     1.418

Dynamically allocated memory at amaxgroup_restr [B,KiB,MiB]:      1487243    1452.386     1.418

Dynamically allocated memory at amaxgroup_restr [B,KiB,MiB]:      1488755    1453.862     1.420

Dynamically allocated memory at amaxgroup_restr [B,KiB,MiB]:      1504119    1468.866     1.434

Dynamically allocated memory at amaxgroup_restr [B,KiB,MiB]:      1505019    1469.745     1.435

Dynamically allocated memory at amaxgroup_restr [B,KiB,MiB]:      1505619    1470.331     1.436

Dynamically allocated memory at amaxgroup_restr [B,KiB,MiB]:      1507887    1472.546     1.438

Dynamically allocated memory at amaxgroup_restr [B,KiB,MiB]:      1530935    1495.054     1.460

Dynamically allocated memory at amaxgroup_restr [B,KiB,MiB]:      1532279    1496.366     1.461

Dynamically allocated memory at amaxgroup_restr [B,KiB,MiB]:      1533179    1497.245     1.462

Dynamically allocated memory at amaxgroup_restr [B,KiB,MiB]:      1536583    1500.569     1.465

Dynamically allocated memory at amaxgroup_restr [B,KiB,MiB]:      1571155    1534.331     1.498

Dynamically allocated memory at amaxgroup_restr [B,KiB,MiB]:      1573171    1536.300     1.500

Dynamically allocated memory at amaxgroup_restr [B,KiB,MiB]:      1574519    1537.616     1.502

Dynamically allocated memory at amaxgroup_restr [B,KiB,MiB]:      1579623    1542.601     1.506

Dynamically allocated memory at amaxgroup_restr [B,KiB,MiB]:      1631479    1593.241     1.556

Dynamically allocated memory at amaxgroup_restr [B,KiB,MiB]:      1634503    1596.194     1.559

Dynamically allocated memory at amaxgroup_restr [B,KiB,MiB]:      1636527    1598.171     1.561

Dynamically allocated memory at amaxgroup_restr [B,KiB,MiB]:      1644183    1605.647     1.568

Dynamically allocated memory at amaxgroup_restr [B,KiB,MiB]:      1721967    1681.608     1.642

Dynamically allocated memory at amaxgroup_restr [B,KiB,MiB]:      1726503    1686.038     1.647

Dynamically allocated memory at amaxgroup_restr [B,KiB,MiB]:      1729539    1689.003     1.649

Dynamically allocated memory at amaxgroup_restr [B,KiB,MiB]:      1741023    1700.218     1.660

Dynamically allocated memory at amaxgroup_restr [B,KiB,MiB]:      1857699    1814.159     1.772

Dynamically allocated memory at amaxgroup_restr [B,KiB,MiB]:      1864503    1820.804     1.778

Dynamically allocated memory at amaxgroup_restr [B,KiB,MiB]:      1869055    1825.249     1.782

Dynamically allocated memory at amaxgroup_restr [B,KiB,MiB]:      1886283    1842.073     1.799

Dynamically allocated memory at amaxgroup_restr [B,KiB,MiB]:      2061299    2012.987     1.966

Dynamically allocated memory at amaxgroup_restr [B,KiB,MiB]:      2071511    2022.960     1.976

Dynamically allocated memory at amaxgroup_restr [B,KiB,MiB]:      2078339    2029.628     1.982

Dynamically allocated memory at amaxgroup_restr [B,KiB,MiB]:      2104179    2054.862     2.007

Dynamically allocated memory at amaxgroup_restr [B,KiB,MiB]:      2366703    2311.233     2.257

Dynamically allocated memory at amaxgroup_restr [B,KiB,MiB]:      2382015    2326.187     2.272

Dynamically allocated memory at amaxgroup_restr [B,KiB,MiB]:      2392259    2336.190     2.281

Dynamically allocated memory at amaxgroup_restr [B,KiB,MiB]:      2431019    2374.042     2.318

Dynamically allocated memory at amaxgroup_restr [B,KiB,MiB]:      2824803    2758.597     2.694

Dynamically allocated memory at amaxgroup_restr [B,KiB,MiB]:      2847771    2781.026     2.716

Dynamically allocated memory at amaxgroup_restr [B,KiB,MiB]:      2863135    2796.030     2.730

Dynamically allocated memory at amaxgroup_restr [B,KiB,MiB]:      2921275    2852.808     2.786

Dynamically allocated memory at amaxgroup_restr [B,KiB,MiB]:      3511951    3429.640     3.349

Dynamically allocated memory at amaxgroup_restr [B,KiB,MiB]:      3546403    3463.284     3.382

Dynamically allocated memory at amaxgroup_restr [B,KiB,MiB]:      3569451    3485.792     3.404

Dynamically allocated memory at amaxgroup_restr [B,KiB,MiB]:      3656663    3570.960     3.487

Dynamically allocated memory at amaxgroup_restr [B,KiB,MiB]:      4542679    4436.210     4.332

Dynamically allocated memory at amaxgroup_restr [B,KiB,MiB]:      4594363    4486.683     4.382

Dynamically allocated memory at amaxgroup_restr [B,KiB,MiB]:      4628935    4520.444     4.414

Dynamically allocated memory at amaxgroup_restr [B,KiB,MiB]:      4759751    4648.194     4.539

Dynamically allocated memory at amaxgroup_restr [B,KiB,MiB]:      6088775    5946.069     5.807
read_pa_232_> parameters    BONDS   ANGLS  DIHEDS IMPROPS    MODE
                                0       0       0       0   12561
>> Model assessment by DOPE potential
iatmcls_286W> MODEL atom not classified:  SER:OXT  SER
preppdf_453W> No fixed restraints selected; there may be some dynamic ones.
preppdf_454W> Restraints file was probably not read; use restraints.append().

Dynamically allocated memory at amaxhash_contac [B,KiB,MiB]:      6955779    6792.753     6.634

Dynamically allocated memory at  amaxrestraints [B,KiB,MiB]:      7320623    7149.046     6.981

Dynamically allocated memory at  amaxrestraints [B,KiB,MiB]:      7392863    7219.593     7.050

Dynamically allocated memory at  amaxrestraints [B,KiB,MiB]:      7537343    7360.687     7.188

Dynamically allocated memory at  amaxrestraints [B,KiB,MiB]:      7826303    7642.874     7.464

Dynamically allocated memory at  amaxrestraints [B,KiB,MiB]:      8404223    8207.249     8.015

Dynamically allocated memory at  amaxrestraints [B,KiB,MiB]:      9560063    9335.999     9.117

Dynamically allocated memory at  amaxrestraints [B,KiB,MiB]:     11871743   11593.499    11.322


>> ENERGY; Differences between the model's features and restraints:
Number of all residues in MODEL                   :      394
Number of all, selected real atoms                :     3010    3010
Number of all, selected pseudo atoms              :        0       0
Number of all static, selected restraints         :        0       0
COVALENT_CYS                                      :        F
NONBONDED_SEL_ATOMS                               :        1
Number of non-bonded pairs (excluding 1-2,1-3,1-4):   517994
Dynamic pairs routine                             : 1, NATM x NATM double loop
Atomic shift for contacts update (UPDATE_DYNAMIC) :    0.390
LENNARD_JONES_SWITCH                              :    6.500   7.500
COULOMB_JONES_SWITCH                              :    6.500   7.500
RESIDUE_SPAN_RANGE                                :        1    9999
NLOGN_USE                                         :       15
CONTACT_SHELL                                     :   15.000
DYNAMIC_PAIRS,_SPHERE,_COULOMB,_LENNARD,_MODELLER :        T       F       F       F       T
SPHERE_STDV                                       :    0.050
RADII_FACTOR                                      :    0.820
Current energy                                    :      -48286.0977





Summary of the restraint violations: 

   NUM     ... number of restraints.
   NUMVI   ... number of restraints with RVIOL > VIOL_REPORT_CUT[i].
   RVIOL   ... relative difference from the best value.
   NUMVP   ... number of restraints with -Ln(pdf) > VIOL_REPORT_CUT2[i].
   RMS_1   ... RMS(feature, minimally_violated_basis_restraint, NUMB).
   RMS_2   ... RMS(feature, best_value, NUMB).
   MOL.PDF ... scaled contribution to -Ln(Molecular pdf).

 #                     RESTRAINT_GROUP      NUM   NUMVI  NUMVP   RMS_1   RMS_2         MOL.PDF     S_i
------------------------------------------------------------------------------------------------------
 1 Bond length potential              :       0       0      0   0.000   0.000      0.0000       0.000
 2 Bond angle potential               :       0       0      0   0.000   0.000      0.0000       0.000
 3 Stereochemical cosine torsion poten:       0       0      0   0.000   0.000      0.0000       0.000
 4 Stereochemical improper torsion pot:       0       0      0   0.000   0.000      0.0000       0.000
 5 Soft-sphere overlap restraints     :       0       0      0   0.000   0.000      0.0000       0.000
 6 Lennard-Jones 6-12 potential       :       0       0      0   0.000   0.000      0.0000       0.000
 7 Coulomb point-point electrostatic p:       0       0      0   0.000   0.000      0.0000       0.000
 8 H-bonding potential                :       0       0      0   0.000   0.000      0.0000       0.000
 9 Distance restraints 1 (CA-CA)      :       0       0      0   0.000   0.000      0.0000       0.000
10 Distance restraints 2 (N-O)        :       0       0      0   0.000   0.000      0.0000       0.000
11 Mainchain Phi dihedral restraints  :       0       0      0   0.000   0.000      0.0000       0.000
12 Mainchain Psi dihedral restraints  :       0       0      0   0.000   0.000      0.0000       0.000
13 Mainchain Omega dihedral restraints:       0       0      0   0.000   0.000      0.0000       0.000
14 Sidechain Chi_1 dihedral restraints:       0       0      0   0.000   0.000      0.0000       0.000
15 Sidechain Chi_2 dihedral restraints:       0       0      0   0.000   0.000      0.0000       0.000
16 Sidechain Chi_3 dihedral restraints:       0       0      0   0.000   0.000      0.0000       0.000
17 Sidechain Chi_4 dihedral restraints:       0       0      0   0.000   0.000      0.0000       0.000
18 Disulfide distance restraints      :       0       0      0   0.000   0.000      0.0000       0.000
19 Disulfide angle restraints         :       0       0      0   0.000   0.000      0.0000       0.000
20 Disulfide dihedral angle restraints:       0       0      0   0.000   0.000      0.0000       0.000
21 Lower bound distance restraints    :       0       0      0   0.000   0.000      0.0000       0.000
22 Upper bound distance restraints    :       0       0      0   0.000   0.000      0.0000       0.000
23 Distance restraints 3 (SDCH-MNCH)  :       0       0      0   0.000   0.000      0.0000       0.000
24 Sidechain Chi_5 dihedral restraints:       0       0      0   0.000   0.000      0.0000       0.000
25 Phi/Psi pair of dihedral restraints:       0       0      0   0.000   0.000      0.0000       0.000
26 Distance restraints 4 (SDCH-SDCH)  :       0       0      0   0.000   0.000      0.0000       0.000
27 Distance restraints 5 (X-Y)        :       0       0      0   0.000   0.000      0.0000       0.000
28 NMR distance restraints 6 (X-Y)    :       0       0      0   0.000   0.000      0.0000       0.000
29 NMR distance restraints 7 (X-Y)    :       0       0      0   0.000   0.000      0.0000       0.000
30 Minimal distance restraints        :       0       0      0   0.000   0.000      0.0000       0.000
31 Non-bonded restraints              :  517910       0    659   6.830   6.830     -48286.       1.000
32 Atomic accessibility restraints    :       0       0      0   0.000   0.000      0.0000       0.000
33 Atomic density restraints          :       0       0      0   0.000   0.000      0.0000       0.000
34 Absolute position restraints       :       0       0      0   0.000   0.000      0.0000       0.000
35 Dihedral angle difference restraint:       0       0      0   0.000   0.000      0.0000       0.000
36 GBSA implicit solvent potential    :       0       0      0   0.000   0.000      0.0000       0.000
37 EM density fitting potential       :       0       0      0   0.000   0.000      0.0000       0.000
38 SAXS restraints                    :       0       0      0   0.000   0.000      0.0000       0.000
39 Symmetry restraints                :       0       0      0   0.000   0.000      0.0000       0.000
do_prof_492W> Are you sure you want to calculate a normalized energy profile!



openf___224_> Open           P29274.profile
# Energy of each residue is written to: P29274.profile
# The profile IS normalized by the number of restraints.
# The profiles are smoothed over a window of residues:   13
# The sum of all numbers in the file:     -18.6991

<< end of ENERGY.
DOPE score               : -48286.097656
